   61  ./mongo ds033828.mongolab.com:33828/glitretind -u bworm -p ouat
   62  ./mongo ds033828.mongolab.com:33828/glitretind -u bworm -p ouat
   63  ./mongo ds033828.mongolab.com:33828/glitretind -u bworm -p ouat
   64  ./mongo ds033828.mongolab.com:33828/glitretind -u bworm -p ouat
   65  pwd
   66  cd
   67  ls
   68  cd mongo
   69  ls
   70  cd 2014-class/
   71  ls
   72  cd hw4-3/
   73  ls
   74  cd hw4-3
   75  ls
   76  ls
   77  pwd
   78  /Users/mgee/mongo/m/bin/mongoimport -d blog -c posts < posts.json
   79  ls
   80  ./run.sh
   81  /Users/mgee/mongo/m/bin/mongoimport -d m101 -c profile < sysprofile.json
   82  pwd
   83  cd ../hw4-4
   84  ls
   85  pwd
   86  cd ..
   87  ls
   88  cd ..
   89  ls
   90  cd hw4-4
   91  /Users/mgee/mongo/m/bin/mongoimport -d m101 -c profile < sysprofile.json
   92  pwd
   93  cd
   94  ls
   95  cd _wkspcs/
   96  ls
   97  cd wkcody/
   98  ls
   99  cd cody/
  100  ls
  101  history
  102  mvn package
  103  pwd
  104  cd ../..
  105  ls
  106  ls
  107  pwd
  108  cd wkglitretind/
  109  ls
  110  cd cody/
  111  ls
  112  mvn package
  113  pwd
  114  cd ..
  115  ls
  116  cd thriftstore/
  117  ls
  118  cd ..
  119  ls
  120  git status
  121  pwd
  122  ls
  123  ls
  124  history
  125  curl -i -H "Accept: application/json" -X GET http://localhost:8080/glitretind/resource/collections
  126  curl -i -H "Accept: application/json" -X GET http://localhost:8080/thriftstore/resource/collections
  127  curl -i -H "Accept: application/json" -X GET http://localhost:8080/thriftstore/resource/collections
  128  curl -i -H "Accept: application/json" -X GET http://localhost:8080/thriftstore/resource/collections
  129  curl -i -H "Accept: application/json" -X GET http://localhost:8080/thriftstore/resource/collections/df3a8499-ec71-4108-bb20-329b2393f445
  130  pwd
  131  grep olafrye *.java
  132  find .
  133  find . *.java
  134  find . | grep olafrye
  135  man grep
  136  ls
  137  grep olafrye .
  138  grep olafrye ./
  139  pwd
  140  find .
  141  man find
  142  find ./ "*.java"
  143  ls
  144  cd thriftstore/
  145  ls
  146  find .
  147  clear
  148  find .
  149  find . | grep *.java
  150  grep olafrye < find .
  151  find .
  152  find .
  153  find . -name *.java
  154  find . -name *.java | grep olafrye
  155  ls
  156  cd /
  157  cd Library/
  158  ls
  159  pwd
  160  cd
  161  ls
  162  cd _wkspcs/
  163  ls
  164  cd wkglitretind/
  165  ls
  166  cd thriftstore/
  167  ls
  168  mvn clean
  169  mvn package
  170  mvn package
  171  ls -l
  172  mvn clean
  173  mvn package
  174  history
  175  ls
  176  mvn clean
  177  pwd
  178  cd ..
  179  ls
  180  gitk --all
  181  gitk
  182  gitk --all --no-tags
  183  gitk --all --notags
  184  gitk ?
  185  man gitk
  186  gitk
  187  pwd
  188  ls
  189  cd thriftstore/
  190  ls
  191  mvn clean
  192  mvn clean
  193  ls
  194  history
  195  curl -i -H "Accept: application/json" -X GET http://localhost:8080/thriftstore/resource/collections
  196  curl -i -H "Accept: application/json" -X GET http://localhost:8080/thriftstore/resource/collections/f1419de1-8f61-4f53-a444-3cb01f931554
  197  pwd
  198  cd ..
  199  ls
  200  git status
  201  git status
  202  gitk --all
  203  git status
  204  pwd
  205  ls
  206  cd thriftstore/
  207  ls
  208  mvn clean
  209  pwd
  210  ls
  211  mvn clean
  212  ls
  213  history
  214  curl -i -H "Accept: application/json" -X GET http://localhost:8080/thriftstore/resource/collections/f1419de1-8f61-4f53-a444-3cb01f931554
  215  curl -i -H "Accept: application/json" -X GET http://localhost:8080/thriftstore/resource/collections/f1419de1-8f61-4f53-a444-3cb01f931554
  216  curl -i -H "Accept: application/json" -X GET http://localhost:8080/thriftstore/resource/collections
  217  curl -i -H "Accept: application/json" -X GET http://localhost:8080/thriftstore/resource/collections
  218  curl -i -H "Accept: application/json" -X GET http://localhost:8080/thriftstore/resource/collections
  219  curl -i -H "Accept: application/json" -X GET http://localhost:8080/thriftstore/resource/collections
  220  curl -i -H "Accept: application/json" -X GET http://localhost:8080/thriftstore/resource/collections
  221  curl -i -H "Accept: application/json" -X GET http://localhost:8080/thriftstore/resource/collections
  222  curl -i -H "Accept: application/json" -X GET http://localhost:8080/thriftstore/resource/collections
  223  curl -i -H "Accept: application/json" -X GET http://localhost:8080/thriftstore/resource/collections/8fb61e0b-089d-4e6f-9ab9-b2134b40b9af
  224  pwd
  225  cd ..
  226  git status
  227  gitk
  228  gitk
  229  pwd
  230  ls
  231  cd thriftstore/
  232  ls
  233  git clean
  234  mvn clean
  235  ls
  236  mvn package
  237  curl -i -H "Accept: application/json" -X GET http://localhost:8080/thriftstore/resource/collections
  238  curl -i -H "Accept: application/json" -X GET http://localhost:8080/thriftstore/resource/collections/815c9074-58e2-46f1-99ed-edd1d3c014e8
  239  pwd
  240  cd ..
  241  ls
  242  cd thriftstore/
  243  ls
  244  mvn clean
  245  curl -i -H "Accept: application/json" -X GET http://localhost:8080/thriftstore/resource/collections
  246  curl -i -H "Accept: application/json" -X GET http://localhost:8080/thriftstore/resource/collections/815c9074-58e2-46f1-99ed-edd1d3c014e8
  247  curl -i -H "Accept: application/json" -X GET http://localhost:8080/thriftstore/resource/collections
  248  curl -i -H "Accept: application/json" -X GET http://localhost:8080/thriftstore/resource/collections/815c9074-58e2-46f1-99ed-edd1d3c014e8
  249  curl -i -H "Accept: application/json" -X GET http://localhost:8080/thriftstore/resource/collections
  250  curl -i -H "Accept: application/json" -X GET http://localhost:8080/thriftstore/resource/collections/815c9074-58e2-46f1-99ed-edd1d3c014e8
  251  pwd
  252  ls
  253  cd ..
  254  git log
  255  gitk
  256  ls /Users/mgee
  257  pwd
  258  ./mongod
  259  pwd
  260  pwd
  261  pwd
  262  cd
  263  ls
  264  cd mongo
  265  ls
  266  cd 2014-class/
  267  ls
  268  cd hw5-2/
  269  ls
  270  /Users/mgee/mongo/bin/m/mongoimport -d asdf -c grades --drop small_zips.json
  271  /Users/mgee/mongo/bin/m/bin/mongoimport -d asdf -c grades --drop small_zips.json
  272  /Users/mgee/mongo/m/bin/mongoimport -d asdf -c grades --drop small_zips.json
  273  /Users/mgee/mongo/m/bin/mongoimport -d asdf -c zips --drop small_zips.json
  274  pwd
  275  cd ../hw5-3
  276  ls
  277  /Users/mgee/mongo/m/bin/mongoimport -d asdf -c grades --drop grades.json
  278  pwd
  279  cd ../hw5-4
  280  ls
  281  /Users/mgee/mongo/m/bin/mongoimport -d asdf -c zips --drop zips.json
  282  /Users/mgee/mongo/m/bin/mongoimport -d asdf -c zips --drop zips.json
  283  ls
  284  pwd
  285  cd ..
  286  ls
  287  mkdir hw6-5
  288  ls
  289  cd hw6-5/
  290  ls
  291  pwd
  292  mkdir -p data/rs1 /data/rs2 /data/rs3
  293  ls
  294  ls
  295  cd data/
  296  ls
  297  mkdir rs2
  298  mkdir rs3
  299  ls
  300  cd ../..
  301  ls
  302  cd hw6-5/
  303  ls
  304  /Users/mgee/mongo/m/bin/mongod --replSet m101 --logpath "1.log" --dbpath /data/rs1 --port 27017 --smallfiles --oplogSize 64 --fork
  305  /Users/mgee/mongo/m/bin/mongod --replSet m101 --logpath "1.log" --dbpath /data/rs1 --port 27017 --smallfiles --oplogSize 64 --fork
  306  ls
  307  rm 1.log
  308  ls
  309  rm 1.log.2014-07-02T04-09-02 
  310  ls
  311  /Users/mgee/mongo/m/bin/mongod --replSet m101 --logpath "1.log" --dbpath /data/rs1 --port 27017 --smallfiles --oplogSize 64 --fork
  312  ls -l
  313  more 1.log
  314  /Users/mgee/mongo/m/bin/mongod --replSet m101 --logpath "1.log" --dbpath ./data/rs1 --port 27017 --smallfiles --oplogSize 64 --fork
  315  ls
  316  more 1.log.2014-07-02T04-12-38 
  317  /Users/mgee/mongo/m/bin/mongod --replSet m101 --logpath "1.log" --dbpath /Users/mgee/mongo/2014-class/hw6-5/data/rs1 --port 27017 --smallfiles --oplogSize 64 --fork
  318  ls
  319  /Users/mgee/mongo/m/bin/mongod --replSet m101 --logpath "1.log" --dbpath /Users/mgee/mongo/2014-class/hw6-5/data/rs1 --port 27017 --smallfiles --oplogSize 64 --fork
  320  ls
  321  more 1.log 
  322  ps -Al | grep mongod
  323  kill 6583
  324  ls
  325  rm 1.log 
  326  ls
  327  /Users/mgee/mongo/m/bin/mongod --replSet m101 --logpath "1.log" --dbpath /Users/mgee/mongo/2014-class/hw6-5/data/rs1 --port 27017 --smallfiles --oplogSize 64 --fork
  328  /Users/mgee/mongo/m/bin/mongod --replSet m101 --logpath "2.log" --dbpath /Users/mgee/mongo/2014-class/hw6-5/data/rs2 --port 27018 --smallfiles --oplogSize 64 --fork
  329  /Users/mgee/mongo/m/bin/mongod --replSet m101 --logpath "3.log" --dbpath /Users/mgee/mongo/2014-class/hw6-5/data/rs3 --port 27019 --smallfiles --oplogSize 64 --fork
  330  ps -Al | grep mongod
  331  kill 6609
  332  kill 6612
  333  kill 6616
  334  ps -Al | grep mongod
  335  pwd
  336  ./mongo
  337  pwd
  338  ./mongo
  339  ls
  340  ./mongo --port 27017
  341  pwd
  342  ./mongod
  343  ps -Al | grep mongod
  344  pwd
  345  pwd
  346  ./mongod
  347  pwd
  348  ls
  349  ./mongo
  350  pwd
  351  history
  352  ./mongod
  353  cd
  354  ls
  355  cd mongo/
  356  ls
  357  cd 2014-class/
  358  ls
  359  cd f1
  360  ls
  361  /Users/mgee/mongo/m/bin/mongorestore dump
  362  pwd
  363  cd ../..
  364  ls
  365  cd 2012-class/
  366  ls
  367  /Users/mgee/mongo/m/bin/mongorestore dump
  368  ls dump
  369  ls
  370  cd wkFinal/
  371  ls
  372  /Users/mgee/mongo/m/bin/mongorestore dump
  373  pwd
  374  cd
  375  ls
  376  cd _wkspcs/
  377  ls
  378  cd wkAndroid/
  379  ls
  380  ls
  381  pwd
  382  java -veresion
  383  java -version
  384  which java
  385  ls
  386  ls -l
  387  pwd
  388  ps -Al
  389  ps -Al | grep Adobe
  390  kill 12977
  391  ps -Al | grep Adobe
  392  pwd
  393  ./mongod
  394  history
  395  pwd
  396  ./mongod
  397  pwd
  398  ls
  399  cd mongo/
  400  ls
  401  cd 2014-class/
  402  ls
  403  cd f7
  404  ls
  405  ps -Al | grep Adobe
  406  pwd
  407  ./mongo
  408  history
  409  ./mongo ds045679.mongolab.com:33828/glitretind -u bworm -p asdf
  410  show dbs
  411  use glitretind
  412  ./mongo ds045679.mongolab.com:33828/glitretind -u bworm -p
  413  ./mongo ds045679.mongolab.com:33828/glitretind -u bworm -p
  414  ./mongo ds045679.mongolab.com:33828/glitretind -u bworm -p ouat
  415  ./mongo ds033828.mongolab.com:33828/glitretind -u bworm -p ouat
  416  ./mongo ds033828.mongolab.com:33828/glitretind -u bworm -p ouat
  417  ./mongo
  418  ./mongo
  419  ls
  420  cd
  421  ls
  422  cd mongo/
  423  ls
  424  cd 2014-class/
  425  ls
  426  cd f4
  427  ls
  428  history
  429  /Users/mgee/mongo/bin/m/mongoimport -d asdf -c grades --drop small_zips.json
  430  ls
  431  /Users/mgee/mongo/bin/m/mongoimport -d blog -c posts --drop posts.json
  432  /Users/mgee/mongo/bin/m/mongoimport -d blog -c posts --drop ./posts.json
  433  /Users/mgee/mongo/m/bin/mongoimport -d blog -c posts --drop posts.json
  434  pwd
  435  ls
  436  cd final-problem4
  437  ls
  438  ./runsh
  439  ./run.sh
  440  ./run.sh
  441  ./run.sh
  442  ./run.sh
  443  ./run.sh
  444  ./run.sh
  445  ./run.sh
  446  ./run.sh
  447  ./run.sh
  448  ./run.sh
  449  ./run.sh
  450  ./run.sh
  451  ./run.sh
  452  ./run.sh
  453  ./run.sh
  454  ./run.sh
  455  ls
  456  cd
  457  ls
  458  cd mongo/
  459  ls
  460  cd 2014
  461  cd 2014-class/
  462  ls
  463  cd f1
  464  ls
  465  show history
  466  history
  467  pwd
  468  ls
  469  /Users/mgee/mongo/m/bin/mongorestore dump
  470  pwd
  471  ls
  472  cd ..
  473  ls
  474  cd f4
  475  ls
  476  pwd
  477  pwd
  478  ls
  479  ls -l
  480  cd final-problem4
  481  ls
  482  cd final-problem4
  483  ls
  484  ./runsh
  485  ./run.sh
  486  pymongo
  487  pwd
  488  cd ../..
  489  ls
  490  cd f7
  491  ls
  492  history
  493  /Users/mgee/mongo/bin/m/mongoimport -d blog -c posts --drop posts.json
  494  /Users/mgee/mongo/bin/m/mongoimport -d asdf -c images --drop images.json
  495  /Users/mgee/mongo/m/bin/mongoimport -d asdf -c images --drop images.json
  496  /Users/mgee/mongo/m/bin/mongoimport -d asdf -c albums --drop albums.json
  497  ls
  498  history
  499  /Users/mgee/mongo/m/bin/mongoimport -d asdf -c images --drop images.json
  500  /Users/mgee/mongo/m/bin/mongoimport -d asdf -c images --drop images.json
  501  pwd
  502  cd
  503  ls
  504  cd
  505  ls
  506  cd _wkspcs/
  507  ls
  508  cd wkGAE
  509  ls
  510  cd readinglist/
  511  ls
  512  mvn package
  513  mvn package
  514  ls
  515  pwd
  516  cd ..
  517  ls
  518  pwd
  519  ls
  520  set
  521  git
  522  git help -a
  523  git
  524  ls
  525  pwd
  526  ls
  527  mkdir readinglist
  528  cd readinglist/
  529  ls
  530  git init
  531  mvn archetype:generate
  532  mvn
  533  mvn help
  534  mvn -help
  535  mvn -V
  536  mvn -v
  537  mvn archetype:generate
  538  pwd
  539  git init
  540  mvn clean install
  541  pwd
  542  ls
  543  cd readinglist/
  544  ls
  545  mvn clean install
  546  mvn clean install
  547  mvn clean install
  548  mvn appengine:devserver
  549  pwd
  550  mvn appengine:update
  551  mvn appengine:update
  552  history
  553  pwd
  554  git status
  555  pwd
  556  ls
  557  cd ..
  558  ls
  559  ls -al
  560  history > history.out
